<?xml version="1.0" encoding="UTF-8"?>
<testng-results ignored="0" total="2" passed="2" failed="0" skipped="0">
  <reporter-output>
  </reporter-output>
  <suite started-at="2022-06-21T15:25:10 ICT" name="Default suite" finished-at="2022-06-21T15:26:28 ICT" duration-ms="77885">
    <groups>
    </groups>
    <test started-at="2022-06-21T15:25:10 ICT" name="Default test" finished-at="2022-06-21T15:26:28 ICT" duration-ms="77885">
      <class name="com.nexsoft.appium.TestCalculator">
        <test-method is-config="true" signature="init()[pri:0, instance:com.nexsoft.appium.TestCalculator@183ec003]" started-at="2022-06-21T15:25:10 ICT" name="init" finished-at="2022-06-21T15:26:22 ICT" duration-ms="71769" status="PASS">
          <reporter-output>
          </reporter-output>
        </test-method> <!-- init -->
        <test-method signature="test_functionTambah()[pri:1, instance:com.nexsoft.appium.TestCalculator@183ec003]" started-at="2022-06-21T15:26:22 ICT" name="test_functionTambah" finished-at="2022-06-21T15:26:25 ICT" duration-ms="3262" status="PASS">
          <reporter-output>
          </reporter-output>
        </test-method> <!-- test_functionTambah -->
        <test-method signature="test_functionKurang()[pri:2, instance:com.nexsoft.appium.TestCalculator@183ec003]" started-at="2022-06-21T15:26:25 ICT" name="test_functionKurang" finished-at="2022-06-21T15:26:28 ICT" duration-ms="2805" status="PASS">
          <reporter-output>
          </reporter-output>
        </test-method> <!-- test_functionKurang -->
      </class> <!-- com.nexsoft.appium.TestCalculator -->
    </test> <!-- Default test -->
  </suite> <!-- Default suite -->
</testng-results>
